0 info it worked if it ends with ok
1 verbose cli [ '/usr/bin/node', '/usr/bin/npm', 'install', 'mongodb' ]
2 info using npm@1.4.28
3 info using node@v0.10.37
4 verbose node symlink /usr/bin/node
5 warn package.json peer-lend@0.0.1 No repository field.
6 warn package.json peer-lend@0.0.1 No README data
7 verbose readDependencies using package.json deps
8 verbose cache add [ 'mongodb@~3.2.0', null ]
9 verbose cache add name=undefined spec="mongodb@~3.2.0" args=["mongodb@~3.2.0",null]
10 verbose parsed url { protocol: null,
10 verbose parsed url   slashes: null,
10 verbose parsed url   auth: null,
10 verbose parsed url   host: null,
10 verbose parsed url   port: null,
10 verbose parsed url   hostname: null,
10 verbose parsed url   hash: null,
10 verbose parsed url   search: null,
10 verbose parsed url   query: null,
10 verbose parsed url   pathname: 'mongodb@~3.2.0',
10 verbose parsed url   path: 'mongodb@~3.2.0',
10 verbose parsed url   href: 'mongodb@~3.2.0' }
11 verbose cache add name="mongodb" spec="~3.2.0" args=["mongodb","~3.2.0"]
12 verbose parsed url { protocol: null,
12 verbose parsed url   slashes: null,
12 verbose parsed url   auth: null,
12 verbose parsed url   host: null,
12 verbose parsed url   port: null,
12 verbose parsed url   hostname: null,
12 verbose parsed url   hash: null,
12 verbose parsed url   search: null,
12 verbose parsed url   query: null,
12 verbose parsed url   pathname: '~3.2.0',
12 verbose parsed url   path: '~3.2.0',
12 verbose parsed url   href: '~3.2.0' }
13 verbose addNamed [ 'mongodb', '~3.2.0' ]
14 verbose addNamed [ null, '>=3.2.0-0 <3.3.0-0' ]
15 silly lockFile 5150ee1c-mongodb-3-2-0 mongodb@~3.2.0
16 verbose lock mongodb@~3.2.0 /home/vinod/.npm/5150ee1c-mongodb-3-2-0.lock
17 silly addNameRange { name: 'mongodb', range: '>=3.2.0-0 <3.3.0-0', hasData: false }
18 verbose request where is /mongodb
19 verbose request registry https://registry.npmjs.org/
20 verbose request id cd2c14d58230f59e
21 verbose url raw /mongodb
22 verbose url resolving [ 'https://registry.npmjs.org/', './mongodb' ]
23 verbose url resolved https://registry.npmjs.org/mongodb
24 verbose request where is https://registry.npmjs.org/mongodb
25 info trying registry request attempt 1 at 11:48:55
26 verbose etag "BU8CU3QDB2BHYQO3G4P4ZGBII"
27 http GET https://registry.npmjs.org/mongodb
28 http 304 https://registry.npmjs.org/mongodb
29 silly registry.get cb [ 304,
29 silly registry.get   { date: 'Sat, 19 Dec 2015 10:48:55 GMT',
29 silly registry.get     via: '1.1 varnish',
29 silly registry.get     'cache-control': 'max-age=300',
29 silly registry.get     etag: '"BU8CU3QDB2BHYQO3G4P4ZGBII"',
29 silly registry.get     age: '251',
29 silly registry.get     connection: 'keep-alive',
29 silly registry.get     'x-served-by': 'cache-ams4122-AMS',
29 silly registry.get     'x-cache': 'HIT',
29 silly registry.get     'x-cache-hits': '1',
29 silly registry.get     'x-timer': 'S1450522135.591231,VS0,VE2',
29 silly registry.get     vary: 'Accept' } ]
30 verbose etag https://registry.npmjs.org/mongodb from cache
31 silly addNameRange number 2 { name: 'mongodb', range: '>=3.2.0-0 <3.3.0-0', hasData: true }
32 silly addNameRange versions [ 'mongodb',
32 silly addNameRange   [ '0.9.4',
32 silly addNameRange     '0.9.4-4',
32 silly addNameRange     '0.9.3',
32 silly addNameRange     '0.9.1',
32 silly addNameRange     '0.9.2',
32 silly addNameRange     '0.9.6-7',
32 silly addNameRange     '0.9.6-8',
32 silly addNameRange     '0.9.6-9',
32 silly addNameRange     '0.9.6-10',
32 silly addNameRange     '0.9.6-11',
32 silly addNameRange     '0.9.6-12',
32 silly addNameRange     '0.9.6-13',
32 silly addNameRange     '0.9.6-14',
32 silly addNameRange     '0.9.6-15',
32 silly addNameRange     '0.9.6-16',
32 silly addNameRange     '0.9.6-17',
32 silly addNameRange     '0.9.6-18',
32 silly addNameRange     '0.9.6-19',
32 silly addNameRange     '0.9.6-20',
32 silly addNameRange     '0.9.6-21',
32 silly addNameRange     '0.9.6-22',
32 silly addNameRange     '0.9.6-23',
32 silly addNameRange     '0.9.7',
32 silly addNameRange     '0.9.7-0',
32 silly addNameRange     '0.9.7-1',
32 silly addNameRange     '0.9.7-1.1',
32 silly addNameRange     '0.9.7-1.2',
32 silly addNameRange     '0.9.7-1.3',
32 silly addNameRange     '0.9.7-1.4',
32 silly addNameRange     '0.9.7-2',
32 silly addNameRange     '0.9.7-2-1',
32 silly addNameRange     '0.9.7-2-2',
32 silly addNameRange     '0.9.7-2-3',
32 silly addNameRange     '0.9.7-2-4',
32 silly addNameRange     '0.9.7-2-5',
32 silly addNameRange     '0.9.7-3',
32 silly addNameRange     '0.9.7-3-1',
32 silly addNameRange     '0.9.7-3-2',
32 silly addNameRange     '0.9.7-3-3',
32 silly addNameRange     '0.9.7-3-4',
32 silly addNameRange     '0.9.7-3-5',
32 silly addNameRange     '0.9.8',
32 silly addNameRange     '0.9.8-1',
32 silly addNameRange     '0.9.8-2',
32 silly addNameRange     '0.9.8-3',
32 silly addNameRange     '0.9.8-4',
32 silly addNameRange     '0.9.8-5',
32 silly addNameRange     '0.9.8-6',
32 silly addNameRange     '0.9.8-7',
32 silly addNameRange     '0.9.9',
32 silly addNameRange     '0.9.9-1',
32 silly addNameRange     '0.9.9-2',
32 silly addNameRange     '0.9.9-3',
32 silly addNameRange     '0.9.9-4',
32 silly addNameRange     '0.9.9-5',
32 silly addNameRange     '0.9.9-6',
32 silly addNameRange     '0.9.9-7',
32 silly addNameRange     '0.9.9-8',
32 silly addNameRange     '1.0.0',
32 silly addNameRange     '1.0.1',
32 silly addNameRange     '1.0.2',
32 silly addNameRange     '1.1.0-beta',
32 silly addNameRange     '1.1.0',
32 silly addNameRange     '1.1.1',
32 silly addNameRange     '1.1.2',
32 silly addNameRange     '1.1.3',
32 silly addNameRange     '1.1.4',
32 silly addNameRange     '1.1.5',
32 silly addNameRange     '1.1.6',
32 silly addNameRange     '1.1.7',
32 silly addNameRange     '1.1.8',
32 silly addNameRange     '1.1.9',
32 silly addNameRange     '1.1.10',
32 silly addNameRange     '1.1.11',
32 silly addNameRange     '1.2.0',
32 silly addNameRange     '1.2.1',
32 silly addNameRange     '1.2.2',
32 silly addNameRange     '1.2.3',
32 silly addNameRange     '1.2.4',
32 silly addNameRange     '1.2.5',
32 silly addNameRange     '1.2.6',
32 silly addNameRange     '1.2.7',
32 silly addNameRange     '1.2.8',
32 silly addNameRange     '1.2.9',
32 silly addNameRange     '1.2.10',
32 silly addNameRange     '1.2.11',
32 silly addNameRange     '1.2.12',
32 silly addNameRange     '1.2.13',
32 silly addNameRange     '1.2.14',
32 silly addNameRange     '1.3.0',
32 silly addNameRange     '1.3.1',
32 silly addNameRange     '1.3.2',
32 silly addNameRange     '1.3.3',
32 silly addNameRange     '1.3.4',
32 silly addNameRange     '1.3.5',
32 silly addNameRange     '1.3.6',
32 silly addNameRange     '1.3.7',
32 silly addNameRange     '1.3.8',
32 silly addNameRange     '1.3.9',
32 silly addNameRange     '1.3.10',
32 silly addNameRange     '1.3.11',
32 silly addNameRange     '1.3.12',
32 silly addNameRange     '1.3.14',
32 silly addNameRange     '1.3.15',
32 silly addNameRange     '1.3.17',
32 silly addNameRange     '1.3.18',
32 silly addNameRange     '1.3.19',
32 silly addNameRange     '1.4.0-rc2',
32 silly addNameRange     '1.3.20',
32 silly addNameRange     '1.4.0-rc3',
32 silly addNameRange     '1.3.21',
32 silly addNameRange     '1.3.22',
32 silly addNameRange     '1.3.23',
32 silly addNameRange     '1.4.0-rc4',
32 silly addNameRange     '1.4.0-rc5',
32 silly addNameRange     '1.4.0-rc6',
32 silly addNameRange     '1.4.0-rc7',
32 silly addNameRange     '1.4.0-rc8',
32 silly addNameRange     '1.4.0-rc9',
32 silly addNameRange     '1.4.0-rc10',
32 silly addNameRange     '1.4.0',
32 silly addNameRange     '1.4.1',
32 silly addNameRange     '1.4.2',
32 silly addNameRange     '1.4.3',
32 silly addNameRange     '1.4.4',
32 silly addNameRange     '1.4.5',
32 silly addNameRange     '1.4.6',
32 silly addNameRange     '1.4.7',
32 silly addNameRange     '1.4.8',
32 silly addNameRange     '1.4.9',
32 silly addNameRange     '1.4.10',
32 silly addNameRange     '2.0.0-alpha1',
32 silly addNameRange     '1.4.11',
32 silly addNameRange     '1.4.12',
32 silly addNameRange     '1.4.14',
32 silly addNameRange     '1.4.15',
32 silly addNameRange     '1.4.16',
32 silly addNameRange     '1.4.17',
32 silly addNameRange     '2.0.0-alpha2',
32 silly addNameRange     '1.4.18',
32 silly addNameRange     '2.0.0',
32 silly addNameRange     '2.0.1',
32 silly addNameRange     '2.0.2',
32 silly addNameRange     '1.4.19',
32 silly addNameRange     '2.0.3',
32 silly addNameRange     '2.0.4',
32 silly addNameRange     '2.0.5',
32 silly addNameRange     '2.0.6',
32 silly addNameRange     '1.4.20',
32 silly addNameRange     '1.4.22',
32 silly addNameRange     '2.0.7',
32 silly addNameRange     '2.0.8',
32 silly addNameRange     '2.0.9',
32 silly addNameRange     '1.4.23',
32 silly addNameRange     '2.0.10',
32 silly addNameRange     '1.4.24',
32 silly addNameRange     '2.0.11',
32 silly addNameRange     '1.4.25',
32 silly addNameRange     '2.0.12',
32 silly addNameRange     '1.4.26',
32 silly addNameRange     '1.4.27',
32 silly addNameRange     '1.4.28',
32 silly addNameRange     '2.0.13',
32 silly addNameRange     '2.0.14',
32 silly addNameRange     '1.4.29',
32 silly addNameRange     '2.0.15',
32 silly addNameRange     '1.4.30',
32 silly addNameRange     '2.0.16',
32 silly addNameRange     '1.4.31',
32 silly addNameRange     '2.0.17',
32 silly addNameRange     '1.4.32',
32 silly addNameRange     '2.0.18',
32 silly addNameRange     '2.0.19',
32 silly addNameRange     '1.4.33',
32 silly addNameRange     '2.0.20',
32 silly addNameRange     '2.0.21',
32 silly addNameRange     '1.4.34',
32 silly addNameRange     '2.0.22',
32 silly addNameRange     '2.0.23',
32 silly addNameRange     '1.4.35',
32 silly addNameRange     '2.0.24',
32 silly addNameRange     '2.0.25',
32 silly addNameRange     '2.0.26',
32 silly addNameRange     '2.0.27',
32 silly addNameRange     '2.0.28',
32 silly addNameRange     '2.0.29',
32 silly addNameRange     '1.4.36',
32 silly addNameRange     '2.0.30',
32 silly addNameRange     '1.4.37',
32 silly addNameRange     '2.0.31',
32 silly addNameRange     '1.4.38',
32 silly addNameRange     '2.0.32',
32 silly addNameRange     '2.0.33',
32 silly addNameRange     '2.1.0-alpha',
32 silly addNameRange     '2.0.34',
32 silly addNameRange     '2.0.35',
32 silly addNameRange     '2.0.36',
32 silly addNameRange     '2.0.37',
32 silly addNameRange     '2.0.38',
32 silly addNameRange     '2.0.39',
32 silly addNameRange     '1.4.39',
32 silly addNameRange     '2.0.40',
32 silly addNameRange     '2.0.41',
32 silly addNameRange     '2.0.42',
32 silly addNameRange     '2.0.43',
32 silly addNameRange     '2.0.44',
32 silly addNameRange     '2.0.45',
32 silly addNameRange     '2.0.46',
32 silly addNameRange     '2.0.47',
32 silly addNameRange     '2.0.48',
32 silly addNameRange     '2.1.0-rc1',
32 silly addNameRange     '2.0.49',
32 silly addNameRange     '2.0.50',
32 silly addNameRange     '2.1.0',
32 silly addNameRange     '2.0.51',
32 silly addNameRange     '2.1.1',
32 silly addNameRange     '2.0.52' ] ]
33 silly lockFile 5150ee1c-mongodb-3-2-0 mongodb@~3.2.0
34 silly lockFile 5150ee1c-mongodb-3-2-0 mongodb@~3.2.0
35 error notarget No compatible version found: mongodb@'>=3.2.0-0 <3.3.0-0'
35 error notarget Valid install targets:
35 error notarget ["0.9.4","0.9.4-4","0.9.3","0.9.1","0.9.2","0.9.6-7","0.9.6-8","0.9.6-9","0.9.6-10","0.9.6-11","0.9.6-12","0.9.6-13","0.9.6-14","0.9.6-15","0.9.6-16","0.9.6-17","0.9.6-18","0.9.6-19","0.9.6-20","0.9.6-21","0.9.6-22","0.9.6-23","0.9.7","0.9.7-0","0.9.7-1","0.9.7-1.1","0.9.7-1.2","0.9.7-1.3","0.9.7-1.4","0.9.7-2","0.9.7-2-1","0.9.7-2-2","0.9.7-2-3","0.9.7-2-4","0.9.7-2-5","0.9.7-3","0.9.7-3-1","0.9.7-3-2","0.9.7-3-3","0.9.7-3-4","0.9.7-3-5","0.9.8","0.9.8-1","0.9.8-2","0.9.8-3","0.9.8-4","0.9.8-5","0.9.8-6","0.9.8-7","0.9.9","0.9.9-1","0.9.9-2","0.9.9-3","0.9.9-4","0.9.9-5","0.9.9-6","0.9.9-7","0.9.9-8","1.0.0","1.0.1","1.0.2","1.1.0-beta","1.1.0","1.1.1","1.1.2","1.1.3","1.1.4","1.1.5","1.1.6","1.1.7","1.1.8","1.1.9","1.1.10","1.1.11","1.2.0","1.2.1","1.2.2","1.2.3","1.2.4","1.2.5","1.2.6","1.2.7","1.2.8","1.2.9","1.2.10","1.2.11","1.2.12","1.2.13","1.2.14","1.3.0","1.3.1","1.3.2","1.3.3","1.3.4","1.3.5","1.3.6","1.3.7","1.3.8","1.3.9","1.3.10","1.3.11","1.3.12","1.3.14","1.3.15","1.3.17","1.3.18","1.3.19","1.4.0-rc2","1.3.20","1.4.0-rc3","1.3.21","1.3.22","1.3.23","1.4.0-rc4","1.4.0-rc5","1.4.0-rc6","1.4.0-rc7","1.4.0-rc8","1.4.0-rc9","1.4.0-rc10","1.4.0","1.4.1","1.4.2","1.4.3","1.4.4","1.4.5","1.4.6","1.4.7","1.4.8","1.4.9","1.4.10","2.0.0-alpha1","1.4.11","1.4.12","1.4.14","1.4.15","1.4.16","1.4.17","2.0.0-alpha2","1.4.18","2.0.0","2.0.1","2.0.2","1.4.19","2.0.3","2.0.4","2.0.5","2.0.6","1.4.20","1.4.22","2.0.7","2.0.8","2.0.9","1.4.23","2.0.10","1.4.24","2.0.11","1.4.25","2.0.12","1.4.26","1.4.27","1.4.28","2.0.13","2.0.14","1.4.29","2.0.15","1.4.30","2.0.16","1.4.31","2.0.17","1.4.32","2.0.18","2.0.19","1.4.33","2.0.20","2.0.21","1.4.34","2.0.22","2.0.23","1.4.35","2.0.24","2.0.25","2.0.26","2.0.27","2.0.28","2.0.29","1.4.36","2.0.30","1.4.37","2.0.31","1.4.38","2.0.32","2.0.33","2.1.0-alpha","2.0.34","2.0.35","2.0.36","2.0.37","2.0.38","2.0.39","1.4.39","2.0.40","2.0.41","2.0.42","2.0.43","2.0.44","2.0.45","2.0.46","2.0.47","2.0.48","2.1.0-rc1","2.0.49","2.0.50","2.1.0","2.0.51","2.1.1","2.0.52"]
35 error notarget
35 error notarget This is most likely not a problem with npm itself.
35 error notarget In most cases you or one of your dependencies are requesting
35 error notarget a package version that doesn't exist.
36 error System Linux 3.16.0-52-generic
37 error command "/usr/bin/node" "/usr/bin/npm" "install" "mongodb"
38 error cwd /home/vinod/data/personal/projects/lendapp/lendapp-vg
39 error node -v v0.10.37
40 error npm -v 1.4.28
41 error code ETARGET
42 verbose exit [ 1, true ]
